*********************** SignalP 3.0 predictions ***********************
Using neural networks (NN) and hidden Markov models (HMM) trained on eukaryotes

----------------------------------------------------------------------
>137755

SignalP-NN result:
>137755                length = 986

# pos  aa    C       S       Y
    1   M   0.008   0.815   0.000
    2   G   0.008   0.846   0.000
    3   P   0.008   0.923   0.000
    4   G   0.008   0.913   0.000
    5   T   0.008   0.832   0.005
    6   L   0.008   0.813   0.007
    7   Q   0.008   0.884   0.017
    8   L   0.008   0.898   0.026
    9   A   0.008   0.883   0.034
   10   L   0.008   0.923   0.039
   11   L   0.008   0.866   0.045
   12   S   0.009   0.788   0.055
   13   M   0.008   0.923   0.055
   14   I   0.008   0.865   0.058
   15   L   0.008   0.691   0.062
   16   A   0.011   0.815   0.077
   17   S   0.130   0.684   0.281
   18   H   0.030   0.728   0.139
   19   S   0.014   0.825   0.096
   20   T   0.166   0.377   0.349
   21   E   0.182   0.250   0.365
   22   G   0.021   0.266   0.120
   23   V   0.749   0.086   0.711
   24   Y   0.014   0.067   0.094
   25   N   0.021   0.087   0.110
   26   I   0.176   0.047   0.302
   27   K   0.021   0.025   0.099
   28   D   0.008   0.024   0.058
   29   M   0.010   0.017   0.058
   30   E   0.012   0.014   0.059
   31   P   0.008   0.014   0.043
   32   I   0.013   0.013   0.050
   33   S   0.008   0.008   0.033
   34   L   0.008   0.011   0.027
   35   D   0.019   0.011   0.034
   36   I   0.010   0.013   0.021
   37   D   0.010   0.010   0.017
   38   S   0.008   0.006   0.013
   39   T   0.009   0.004   0.013
   40   A   0.009   0.001   0.011
   41   T   0.022   0.004   0.015
   42   I   0.033   0.005   0.018
   43   R   0.008   0.004   0.008
   44   Y   0.008   0.002   0.008
   45   T   0.009   0.003   0.008
   46   Y   0.009   0.001   0.008
   47   T   0.008   0.000   0.007
   48   P   0.012   0.000   0.008
   49   V   0.008   0.000   0.006
   50   H   0.008   0.000   0.005
   51   N   0.008   0.000   0.004
   52   S   0.009   0.000   0.003
   53   S   0.009   0.000   0.000
   54   P   0.008   0.000   0.000
   55   L   0.008   0.000   0.000
   56   L   0.008   0.000   0.000
   57   C   0.008   0.000   0.000
   58   V   0.014   0.000   0.000
   59   N   0.008   0.000   0.000
   60   L   0.008   0.001   0.000
   61   T   0.010   0.001   0.000
   62   S   0.008   0.001   0.000
   63   Y   0.009   0.004   0.000
   64   A   0.010   0.003   0.000
   65   K   0.014   0.006   0.000
   66   T   0.008   0.008   0.000
   67   S   0.012   0.007   0.000
   68   T   0.008   0.015   0.000
   69   V   0.017   0.009   0.000
   70   S   0.008   0.007   0.000
   71   V   0.015   0.003   0.000
   72   S   0.008   0.002   0.000
   73   V   0.009   0.002   0.000
   74   G   0.008   0.002   0.000
   75   R   0.013   0.002   0.000
   76   I   0.008   0.003   0.000
   77   P   0.008   0.003   0.000
   78   L   0.008   0.007   0.000
   79   L   0.011   0.005   0.000
   80   L   0.008   0.008   0.000
   81   T   0.008   0.014   0.000
   82   T   0.010   0.013   0.002
   83   G   0.009   0.011   0.003
   84   S   0.013   0.008   0.005
   85   N   0.009   0.006   0.005
   86   M   0.008   0.006   0.005
   87   T   0.011   0.007   0.006
   88   A   0.010   0.007   0.007
   89   I   0.021   0.002   0.010
   90   P   0.008   0.001   0.006
   91   L   0.009   0.002   0.007
   92   E   0.009   0.004   0.006
   93   T   0.008   0.002   0.006
   94   V   0.009   0.002   0.007
   95   A   0.008   0.004   0.006
   96   S   0.016   0.001   0.008
   97   L   0.012   0.000   0.006
   98   I   0.008   0.001   0.004
   99   Q   0.008   0.002   0.004
  100   L   0.008   0.005   0.003
  101   S   0.009   0.002   0.004
  102   E   0.009   0.001   0.003
  103   S   0.008   0.002   0.003
  104   S   0.026   0.002   0.005
  105   T   0.008   0.001   0.003
  106   P   0.010   0.001   0.003
  107   S   0.012   0.001   0.003
  108   V   0.010   0.003   0.003
  109   I   0.008   0.001   0.003
  110   D   0.010   0.001   0.003
  111   F   0.009   0.000   0.002
  112   T   0.008   0.000   0.002
  113   V   0.009   0.000   0.002
  114   Q   0.008   0.001   0.002
  115   A   0.009   0.002   0.000
  116   T   0.020   0.002   0.000
  117   M   0.008   0.000   0.000
  118   P   0.008   0.001   0.000
  119   T   0.012   0.001   0.000
  120   T   0.008   0.001   0.000
  121   I   0.008   0.002   0.000
  122   N   0.008   0.000   0.000
  123   F   0.008   0.001   0.000
  124   T   0.009   0.001   0.000
  125   A   0.009   0.001   0.000
  126   G   0.008   0.001   0.000
  127   L   0.013   0.001   0.000
  128   F   0.008   0.002   0.000
  129   R   0.008   0.002   0.000
  130   Q   0.008   0.008   0.000
  131   L   0.008   0.002   0.000
  132   I   0.008   0.003   0.000
  133   Y   0.008   0.004   0.000
  134   G   0.009   0.001   0.001
  135   K   0.039   0.001   0.003
  136   S   0.008   0.004   0.001
  137   I   0.012   0.002   0.003
  138   T   0.008   0.005   0.002
  139   I   0.010   0.005   0.004
  140   A   0.008   0.006   0.004
  141   G   0.010   0.001   0.005
  142   N   0.008   0.001   0.005
  143   A   0.008   0.001   0.005
  144   R   0.010   0.000   0.005
  145   A   0.008   0.000   0.004
  146   S   0.038   0.000   0.009
  147   E   0.010   0.000   0.004
  148   R   0.008   0.000   0.003
  149   V   0.008   0.001   0.003
  150   L   0.008   0.001   0.003
  151   A   0.008   0.002   0.003
  152   L   0.017   0.000   0.005
  153   A   0.014   0.000   0.004
  154   N   0.012   0.000   0.003
  155   D   0.008   0.000   0.002
  156   G   0.008   0.000   0.001
  157   L   0.008   0.000   0.001
  158   H   0.008   0.000   0.000
  159   D   0.008   0.000   0.000
  160   I   0.008   0.000   0.000
  161   L   0.008   0.000   0.000
  162   L   0.008   0.000   0.000
  163   T   0.010   0.000   0.000
  164   F   0.010   0.000   0.000
  165   S   0.008   0.001   0.000
  166   D   0.019   0.001   0.000
  167   G   0.008   0.001   0.000
  168   D   0.030   0.000   0.000
  169   K   0.008   0.002   0.000
  170   T   0.009   0.001   0.000
  171   P   0.008   0.001   0.000
  172   A   0.012   0.001   0.001
  173   N   0.016   0.001   0.002
  174   A   0.008   0.001   0.001
  175   P   0.034   0.000   0.003
  176   P   0.008   0.000   0.001
  177   T   0.008   0.000   0.000
  178   C   0.008   0.000   0.000
  179   F   0.008   0.000   0.000
  180   I   0.008   0.000   0.000
  181   D   0.008   0.000   0.000
  182   L   0.008   0.000   0.000
  183   H   0.008   0.000   0.000
  184   S   0.008   0.001   0.000
  185   Q   0.010   0.000   0.000
  186   P   0.008   0.001   0.000
  187   F   0.008   0.003   0.000
  188   A   0.008   0.002   0.000
  189   T   0.009   0.002   0.000
  190   K   0.009   0.005   0.000
  191   R   0.009   0.004   0.000
  192   E   0.008   0.003   0.002
  193   S   0.008   0.001   0.002
  194   L   0.009   0.001   0.003
  195   A   0.009   0.001   0.003
  196   N   0.022   0.000   0.005
  197   P   0.008   0.000   0.003
  198   T   0.008   0.000   0.003
  199   T   0.008   0.000   0.003
  200   L   0.008   0.001   0.003
  201   L   0.008   0.002   0.003
  202   I   0.008   0.001   0.003
  203   R   0.008   0.000   0.003
  204   S   0.008   0.000   0.003
  205   V   0.008   0.001   0.002
  206   G   0.008   0.001   0.002
  207   N   0.012   0.001   0.002
  208   T   0.010   0.001   0.001
  209   Y   0.011   0.000   0.002
  210   Q   0.008   0.001   0.001
  211   Y   0.010   0.001   0.002
  212   V   0.008   0.001   0.002
  213   A   0.008   0.000   0.002
  214   A   0.009   0.000   0.002
  215   T   0.029   0.000   0.003
  216   N   0.009   0.000   0.002
  217   D   0.008   0.000   0.001
  218   Q   0.008   0.000   0.001
  219   E   0.009   0.000   0.001
  220   D   0.008   0.000   0.001
  221   H   0.008   0.000   0.001
  222   L   0.008   0.000   0.000
  223   T   0.009   0.000   0.000
  224   L   0.008   0.000   0.000
  225   P   0.008   0.000   0.000
  226   K   0.009   0.001   0.000
  227   R   0.008   0.001   0.000
  228   L   0.008   0.001   0.000
  229   F   0.008   0.000   0.000
  230   M   0.008   0.000   0.000
  231   E   0.008   0.000   0.000
  232   S   0.008   0.000   0.000
  233   S   0.008   0.000   0.000
  234   F   0.009   0.002   0.000
  235   Y   0.008   0.001   0.000
  236   Y   0.008   0.001   0.000
  237   L   0.008   0.001   0.000
  238   T   0.008   0.001   0.000
  239   V   0.009   0.001   0.000
  240   N   0.008   0.003   0.001
  241   L   0.010   0.001   0.002
  242   H   0.010   0.001   0.002
  243   D   0.008   0.000   0.002
  244   E   0.008   0.001   0.002
  245   L   0.008   0.002   0.002
  246   S   0.008   0.001   0.003
  247   S   0.010   0.001   0.003
  248   L   0.010   0.000   0.003
  249   T   0.010   0.000   0.003
  250   I   0.012   0.000   0.003
  251   S   0.008   0.000   0.003
  252   Y   0.012   0.000   0.003
  253   V   0.008   0.000   0.002
  254   E   0.010   0.000   0.002
  255   R   0.008   0.000   0.002
  256   Y   0.011   0.000   0.002
  257   Q   0.008   0.000   0.001
  258   R   0.008   0.001   0.002
  259   F   0.008   0.000   0.002
  260   T   0.009   0.000   0.001
  261   P   0.008   0.000   0.001
  262   D   0.008   0.000   0.001
  263   L   0.008   0.000   0.001
  264   Q   0.014   0.000   0.002
  265   I   0.008   0.000   0.001
  266   D   0.008   0.000   0.001
  267   Y   0.008   0.000   0.001
  268   Y   0.008   0.000   0.001
  269   N   0.008   0.000   0.001
  270   V   0.008   0.000   0.001
  271   P   0.008   0.000   0.001
  272   I   0.008   0.000   0.001
  273   H   0.008   0.000   0.000
  274   Y   0.008   0.000   0.000
  275   T   0.008   0.000   0.000
  276   V   0.012   0.000   0.000
  277   D   0.008   0.000   0.000
  278   I   0.008   0.000   0.000
  279   S   0.008   0.000   0.000
  280   D   0.008   0.000   0.000
  281   Y   0.008   0.000   0.000
  282   R   0.008   0.000   0.000
  283   A   0.008   0.000   0.000
  284   G   0.010   0.000   0.000
  285   T   0.009   0.000   0.000
  286   Q   0.010   0.000   0.000
  287   I   0.011   0.000   0.000
  288   L   0.008   0.000   0.000
  289   I   0.008   0.000   0.000
  290   G   0.008   0.000   0.000
  291   S   0.010   0.000   0.000
  292   T   0.008   0.000   0.000
  293   C   0.009   0.001   0.000
  294   L   0.015   0.001   0.000
  295   D   0.008   0.003   0.000
  296   A   0.008   0.007   0.000
  297   E   0.021   0.001   0.000
  298   R   0.008   0.001   0.000
  299   I   0.010   0.002   0.000
  300   P   0.008   0.003   0.000
  301   Y   0.008   0.002   0.000
  302   S   0.008   0.002   0.000
  303   S   0.009   0.002   0.000
  304   I   0.009   0.002   0.000
  305   R   0.008   0.002   0.000
  306   I   0.008   0.003   0.000
  307   C   0.008   0.001   0.000
  308   L   0.008   0.008   0.000
  309   R   0.008   0.007   0.000
  310   Y   0.008   0.009   0.000
  311   N   0.008   0.012   0.000
  312   I   0.008   0.013   0.000
  313   L   0.008   0.016   0.000
  314   S   0.008   0.023   0.000
  315   V   0.008   0.037   0.000
  316   A   0.008   0.046   0.000
  317   C   0.009   0.026   0.000
  318   S   0.014   0.028   0.006
  319   L   0.016   0.029   0.010
  320   I   0.009   0.008   0.009
  321   L   0.008   0.007   0.009
  322   Q   0.009   0.016   0.010
  323   N   0.015   0.008   0.014
  324   T   0.008   0.016   0.010
  325   L   0.008   0.016   0.011
  326   R   0.008   0.020   0.011
  327   Y   0.012   0.004   0.015
  328   A   0.010   0.008   0.013
  329   W   0.030   0.004   0.022
  330   M   0.008   0.005   0.011
  331   T   0.011   0.004   0.011
  332   V   0.009   0.005   0.010
  333   Q   0.008   0.004   0.008
  334   E   0.010   0.004   0.009
  335   V   0.010   0.002   0.009
  336   T   0.008   0.001   0.008
  337   P   0.008   0.001   0.007
  338   P   0.008   0.001   0.007
  339   G   0.008   0.001   0.006
  340   Y   0.008   0.001   0.005
  341   L   0.008   0.001   0.004
  342   S   0.012   0.002   0.005
  343   S   0.014   0.001   0.005
  344   I   0.017   0.000   0.005
  345   Y   0.008   0.000   0.003
  346   V   0.008   0.000   0.002
  347   S   0.008   0.000   0.001
  348   D   0.008   0.000   0.000
  349   L   0.008   0.001   0.000
  350   S   0.009   0.001   0.000
  351   S   0.008   0.002   0.000
  352   F   0.010   0.003   0.000
  353   A   0.010   0.003   0.000
  354   G   0.009   0.002   0.001
  355   Y   0.008   0.001   0.002
  356   Q   0.008   0.001   0.002
  357   A   0.013   0.001   0.002
  358   S   0.017   0.000   0.002
  359   T   0.011   0.001   0.002
  360   S   0.011   0.000   0.002
  361   A   0.013   0.000   0.002
  362   E   0.037   0.001   0.004
  363   I   0.008   0.003   0.002
  364   Y   0.010   0.001   0.002
  365   N   0.008   0.001   0.002
  366   L   0.008   0.001   0.001
  367   K   0.008   0.000   0.000
  368   S   0.008   0.000   0.000
  369   A   0.008   0.001   0.000
  370   G   0.010   0.001   0.000
  371   S   0.008   0.000   0.000
  372   C   0.019   0.000   0.000
  373   K   0.012   0.000   0.000
  374   I   0.008   0.000   0.000
  375   F   0.008   0.000   0.000
  376   L   0.008   0.001   0.000
  377   T   0.010   0.001   0.000
  378   N   0.008   0.003   0.000
  379   V   0.008   0.003   0.000
  380   N   0.008   0.006   0.000
  381   F   0.008   0.002   0.001
  382   I   0.009   0.001   0.002
  383   T   0.008   0.002   0.002
  384   G   0.008   0.005   0.002
  385   A   0.030   0.001   0.006
  386   T   0.011   0.001   0.004
  387   E   0.014   0.000   0.005
  388   T   0.009   0.000   0.004
  389   L   0.011   0.000   0.004
  390   S   0.008   0.001   0.003
  391   F   0.027   0.001   0.006
  392   V   0.008   0.001   0.003
  393   N   0.008   0.000   0.003
  394   K   0.008   0.001   0.003
  395   N   0.010   0.000   0.003
  396   N   0.008   0.000   0.002
  397   R   0.008   0.000   0.002
  398   N   0.008   0.002   0.001
  399   K   0.008   0.000   0.000
  400   A   0.008   0.000   0.000
  401   T   0.010   0.000   0.000
  402   L   0.008   0.000   0.000
  403   L   0.010   0.000   0.000
  404   I   0.008   0.001   0.000
  405   I   0.008   0.001   0.000
  406   E   0.008   0.001   0.000
  407   N   0.008   0.001   0.000
  408   P   0.008   0.001   0.000
  409   G   0.008   0.002   0.000
  410   W   0.008   0.001   0.000
  411   I   0.008   0.001   0.001
  412   D   0.008   0.001   0.001
  413   D   0.009   0.001   0.001
  414   E   0.012   0.001   0.000
  415   L   0.008   0.000   0.000
  416   V   0.008   0.000   0.000
  417   V   0.008   0.000   0.000
  418   V   0.008   0.000   0.000
  419   I   0.008   0.000   0.000
  420   T   0.008   0.000   0.000
  421   L   0.009   0.000   0.000
  422   R   0.008   0.000   0.000
  423   P   0.008   0.000   0.000
  424   F   0.010   0.000   0.000
  425   Y   0.008   0.000   0.000
  426   E   0.008   0.002   0.000
  427   V   0.009   0.008   0.000
  428   S   0.009   0.006   0.000
  429   I   0.018   0.004   0.000
  430   P   0.009   0.003   0.002
  431   N   0.014   0.004   0.003
  432   F   0.008   0.004   0.003
  433   H   0.008   0.003   0.003
  434   P   0.008   0.001   0.004
  435   Y   0.008   0.000   0.004
  436   V   0.008   0.000   0.004
  437   Q   0.008   0.000   0.003
  438   F   0.009   0.000   0.003
  439   F   0.009   0.000   0.003
  440   L   0.008   0.000   0.003
  441   S   0.008   0.000   0.003
  442   T   0.008   0.000   0.002
  443   T   0.008   0.001   0.001
  444   L   0.009   0.002   0.000
  445   V   0.009   0.003   0.001
  446   Y   0.009   0.001   0.001
  447   P   0.008   0.002   0.001
  448   N   0.026   0.001   0.002
  449   E   0.008   0.002   0.001
  450   T   0.008   0.003   0.000
  451   H   0.013   0.001   0.000
  452   N   0.008   0.000   0.000
  453   S   0.009   0.001   0.000
  454   L   0.010   0.000   0.000
  455   A   0.012   0.000   0.000
  456   Y   0.025   0.000   0.000
  457   V   0.008   0.000   0.000
  458   M   0.008   0.000   0.000
  459   N   0.008   0.000   0.000
  460   F   0.009   0.000   0.000
  461   P   0.008   0.001   0.000
  462   H   0.008   0.002   0.000
  463   L   0.008   0.008   0.000
  464   S   0.008   0.004   0.000
  465   G   0.008   0.017   0.000
  466   V   0.014   0.001   0.005
  467   N   0.008   0.001   0.004
  468   Y   0.008   0.001   0.004
  469   A   0.015   0.001   0.005
  470   G   0.021   0.003   0.006
  471   S   0.008   0.001   0.004
  472   S   0.015   0.000   0.006
  473   V   0.010   0.000   0.005
  474   I   0.010   0.000   0.005
  475   P   0.008   0.000   0.004
  476   T   0.008   0.000   0.004
  477   Y   0.008   0.001   0.004
  478   L   0.008   0.001   0.004
  479   E   0.010   0.000   0.004
  480   A   0.008   0.000   0.002
  481   I   0.018   0.000   0.003
  482   T   0.008   0.000   0.002
  483   N   0.008   0.000   0.001
  484   K   0.008   0.001   0.001
  485   S   0.008   0.001   0.001
  486   A   0.008   0.001   0.001
  487   V   0.012   0.000   0.001
  488   L   0.008   0.000   0.001
  489   R   0.010   0.000   0.001
  490   I   0.012   0.000   0.001
  491   R   0.009   0.000   0.001
  492   P   0.008   0.000   0.000
  493   E   0.010   0.001   0.000
  494   D   0.008   0.000   0.000
  495   F   0.008   0.000   0.000
  496   S   0.008   0.000   0.000
  497   V   0.009   0.000   0.000
  498   Q   0.008   0.000   0.000
  499   P   0.010   0.001   0.000
  500   D   0.008   0.000   0.001
  501   T   0.008   0.000   0.000
  502   G   0.008   0.000   0.001
  503   S   0.012   0.000   0.001
  504   I   0.012   0.000   0.000
  505   Y   0.008   0.000   0.000
  506   I   0.008   0.000   0.000
  507   K   0.008   0.000   0.000
  508   L   0.008   0.001   0.000
  509   E   0.008   0.000   0.000
  510   H   0.008   0.000   0.000
  511   S   0.008   0.000   0.000
  512   V   0.009   0.000   0.000
  513   D   0.008   0.000   0.000
  514   L   0.008   0.001   0.000
  515   D   0.017   0.000   0.000
  516   L   0.008   0.000   0.000
  517   L   0.009   0.001   0.000
  518   I   0.008   0.001   0.000
  519   L   0.008   0.004   0.000
  520   N   0.010   0.007   0.000
  521   A   0.008   0.017   0.000
  522   A   0.012   0.005   0.003
  523   K   0.013   0.001   0.004
  524   P   0.008   0.001   0.004
  525   A   0.018   0.001   0.006
  526   P   0.008   0.001   0.004
  527   L   0.010   0.001   0.004
  528   R   0.023   0.001   0.007
  529   P   0.008   0.001   0.004
  530   G   0.024   0.002   0.007
  531   L   0.010   0.001   0.005
  532   L   0.008   0.001   0.004
  533   Y   0.012   0.001   0.006
  534   G   0.008   0.001   0.004
  535   T   0.010   0.001   0.004
  536   E   0.008   0.000   0.003
  537   S   0.008   0.000   0.002
  538   N   0.016   0.000   0.003
  539   P   0.008   0.000   0.002
  540   L   0.008   0.000   0.000
  541   S   0.008   0.001   0.000
  542   A   0.008   0.000   0.000
  543   L   0.026   0.001   0.000
  544   N   0.011   0.000   0.000
  545   L   0.008   0.000   0.000
  546   Y   0.017   0.000   0.000
  547   Y   0.008   0.000   0.000
  548   I   0.008   0.001   0.000
  549   D   0.008   0.001   0.000
  550   S   0.008   0.001   0.000
  551   G   0.023   0.001   0.000
  552   H   0.008   0.001   0.000
  553   T   0.008   0.004   0.000
  554   T   0.018   0.002   0.002
  555   G   0.008   0.002   0.002
  556   V   0.018   0.001   0.003
  557   S   0.008   0.000   0.002
  558   T   0.008   0.000   0.002
  559   L   0.014   0.000   0.002
  560   S   0.010   0.000   0.002
  561   G   0.009   0.000   0.002
  562   Y   0.010   0.001   0.002
  563   I   0.008   0.001   0.002
  564   Y   0.008   0.000   0.002
  565   F   0.008   0.001   0.002
  566   D   0.009   0.000   0.002
  567   V   0.008   0.000   0.002
  568   C   0.008   0.000   0.001
  569   N   0.008   0.001   0.000
  570   T   0.008   0.001   0.000
  571   S   0.011   0.000   0.001
  572   L   0.009   0.000   0.001
  573   F   0.008   0.001   0.001
  574   L   0.009   0.001   0.002
  575   S   0.011   0.000   0.002
  576   N   0.008   0.000   0.002
  577   Q   0.008   0.000   0.001
  578   S   0.011   0.000   0.001
  579   N   0.010   0.000   0.001
  580   K   0.008   0.001   0.000
  581   K   0.032   0.000   0.001
  582   P   0.008   0.000   0.000
  583   I   0.008   0.001   0.000
  584   K   0.008   0.000   0.000
  585   L   0.008   0.000   0.000
  586   R   0.008   0.000   0.000
  587   L   0.008   0.000   0.000
  588   T   0.008   0.000   0.000
  589   D   0.009   0.001   0.000
  590   N   0.008   0.001   0.000
  591   M   0.008   0.001   0.000
  592   D   0.008   0.000   0.000
  593   H   0.008   0.001   0.000
  594   S   0.008   0.001   0.000
  595   G   0.009   0.000   0.000
  596   I   0.008   0.000   0.000
  597   N   0.008   0.000   0.000
  598   F   0.008   0.000   0.000
  599   L   0.008   0.000   0.000
  600   D   0.009   0.000   0.000
  601   M   0.008   0.000   0.000
  602   L   0.008   0.001   0.000
  603   V   0.008   0.001   0.000
  604   P   0.008   0.005   0.000
  605   I   0.008   0.001   0.000
  606   T   0.008   0.013   0.000
  607   E   0.008   0.032   0.000
  608   A   0.008   0.053   0.000
  609   M   0.132   0.003   0.028
  610   V   0.008   0.006   0.007
  611   Y   0.009   0.003   0.008
  612   A   0.008   0.001   0.008
  613   P   0.013   0.001   0.010
  614   V   0.008   0.004   0.008
  615   Y   0.008   0.001   0.008
  616   S   0.008   0.002   0.008
  617   S   0.047   0.001   0.020
  618   Y   0.009   0.001   0.009
  619   A   0.008   0.000   0.008
  620   T   0.013   0.000   0.010
  621   F   0.011   0.001   0.008
  622   V   0.008   0.001   0.006
  623   R   0.008   0.000   0.002
  624   I   0.008   0.001   0.002
  625   L   0.011   0.001   0.001
  626   D   0.008   0.000   0.000
  627   T   0.008   0.001   0.000
  628   E   0.034   0.000   0.000
  629   Y   0.008   0.002   0.000
  630   V   0.008   0.002   0.000
  631   S   0.008   0.001   0.000
  632   P   0.008   0.004   0.000
  633   S   0.012   0.001   0.002
  634   A   0.009   0.002   0.002
  635   I   0.009   0.000   0.002
  636   S   0.008   0.000   0.002
  637   Y   0.033   0.001   0.003
  638   K   0.009   0.001   0.002
  639   I   0.008   0.000   0.002
  640   G   0.008   0.000   0.001
  641   Y   0.010   0.000   0.001
  642   L   0.008   0.001   0.000
  643   T   0.009   0.000   0.000
  644   R   0.008   0.001   0.000
  645   F   0.008   0.001   0.000
  646   A   0.008   0.001   0.000
  647   G   0.009   0.000   0.000
  648   I   0.011   0.001   0.000
  649   I   0.008   0.001   0.000
  650   I   0.008   0.001   0.000
  651   G   0.008   0.002   0.000
  652   D   0.015   0.001   0.000
  653   S   0.008   0.002   0.001
  654   R   0.013   0.001   0.002
  655   V   0.008   0.003   0.000
  656   R   0.009   0.001   0.000
  657   I   0.008   0.001   0.000
  658   H   0.009   0.000   0.000
  659   T   0.008   0.000   0.000
  660   G   0.009   0.000   0.000
  661   L   0.009   0.000   0.000
  662   M   0.008   0.000   0.000
  663   S   0.009   0.000   0.000
  664   D   0.012   0.000   0.000
  665   I   0.008   0.000   0.000
  666   I   0.008   0.000   0.000
  667   E   0.008   0.002   0.000
  668   V   0.008   0.009   0.000
  669   D   0.008   0.002   0.000
  670   S   0.008   0.010   0.000
  671   A   0.029   0.001   0.004
  672   K   0.011   0.000   0.002
  673   A   0.008   0.000   0.001
  674   P   0.010   0.000   0.001
  675   A   0.008   0.001   0.000
  676   Q   0.017   0.001   0.000
  677   R   0.008   0.000   0.000
  678   Y   0.008   0.000   0.000
  679   T   0.008   0.000   0.000
  680   A   0.019   0.001   0.000
  681   Y   0.009   0.000   0.000
  682   T   0.008   0.002   0.000
  683   G   0.008   0.005   0.000
  684   E   0.008   0.003   0.000
  685   A   0.008   0.002   0.000
  686   G   0.010   0.005   0.000
  687   I   0.008   0.001   0.000
  688   H   0.008   0.003   0.000
  689   I   0.008   0.002   0.000
  690   A   0.008   0.001   0.000
  691   Y   0.008   0.001   0.000
  692   A   0.008   0.001   0.000
  693   V   0.038   0.000   0.000
  694   Y   0.008   0.001   0.000
  695   L   0.009   0.001   0.000
  696   V   0.011   0.001   0.000
  697   P   0.008   0.007   0.000
  698   C   0.008   0.051   0.000
  699   A   0.011   0.034   0.000
  700   S   0.008   0.023   0.005
  701   V   0.013   0.016   0.009
  702   A   0.011   0.004   0.010
  703   E   0.024   0.003   0.015
  704   V   0.009   0.002   0.009
  705   R   0.009   0.004   0.009
  706   Q   0.008   0.003   0.009
  707   A   0.034   0.001   0.019
  708   Y   0.047   0.001   0.022
  709   P   0.008   0.001   0.009
  710   M   0.022   0.000   0.015
  711   V   0.008   0.000   0.009
  712   P   0.008   0.000   0.009
  713   I   0.008   0.000   0.007
  714   S   0.008   0.000   0.005
  715   R   0.008   0.000   0.004
  716   C   0.008   0.000   0.003
  717   G   0.009   0.000   0.003
  718   L   0.008   0.000   0.002
  719   E   0.008   0.000   0.002
  720   G   0.008   0.001   0.000
  721   A   0.009   0.001   0.000
  722   L   0.008   0.000   0.000
  723   E   0.019   0.000   0.000
  724   H   0.009   0.000   0.000
  725   T   0.008   0.000   0.000
  726   P   0.008   0.000   0.000
  727   S   0.008   0.001   0.000
  728   V   0.010   0.000   0.000
  729   Q   0.008   0.000   0.000
  730   D   0.010   0.000   0.000
  731   M   0.008   0.000   0.000
  732   D   0.008   0.001   0.000
  733   T   0.008   0.001   0.000
  734   S   0.010   0.002   0.000
  735   N   0.008   0.001   0.000
  736   V   0.008   0.001   0.000
  737   V   0.009   0.000   0.001
  738   Y   0.008   0.000   0.001
  739   R   0.008   0.000   0.001
  740   V   0.008   0.000   0.001
  741   S   0.008   0.000   0.001
  742   E   0.008   0.000   0.000
  743   W   0.009   0.000   0.000
  744   V   0.011   0.000   0.000
  745   V   0.008   0.001   0.000
  746   A   0.008   0.003   0.000
  747   P   0.009   0.001   0.002
  748   A   0.012   0.001   0.002
  749   A   0.013   0.000   0.002
  750   D   0.011   0.000   0.002
  751   N   0.009   0.000   0.001
  752   T   0.009   0.000   0.001
  753   E   0.013   0.000   0.001
  754   I   0.008   0.000   0.001
  755   Y   0.009   0.000   0.001
  756   T   0.008   0.000   0.001
  757   P   0.010   0.000   0.001
  758   E   0.009   0.000   0.001
  759   F   0.008   0.000   0.001
  760   I   0.008   0.000   0.001
  761   E   0.008   0.001   0.000
  762   Q   0.008   0.000   0.000
  763   A   0.016   0.000   0.000
  764   N   0.008   0.001   0.000
  765   N   0.008   0.001   0.000
  766   T   0.010   0.001   0.000
  767   W   0.008   0.000   0.000
  768   S   0.008   0.000   0.000
  769   M   0.015   0.000   0.000
  770   L   0.008   0.000   0.000
  771   R   0.008   0.000   0.000
  772   I   0.008   0.000   0.000
  773   P   0.008   0.000   0.000
  774   V   0.008   0.001   0.000
  775   D   0.008   0.002   0.000
  776   L   0.008   0.004   0.000
  777   P   0.009   0.002   0.000
  778   S   0.008   0.002   0.000
  779   Y   0.009   0.003   0.001
  780   K   0.008   0.001   0.002
  781   H   0.009   0.002   0.001
  782   E   0.010   0.001   0.001
  783   P   0.008   0.001   0.000
  784   Y   0.008   0.000   0.000
  785   Y   0.008   0.000   0.000
  786   L   0.008   0.000   0.000
  787   V   0.008   0.000   0.000
  788   V   0.008   0.001   0.000
  789   V   0.008   0.000   0.000
  790   A   0.008   0.001   0.000
  791   A   0.011   0.000   0.000
  792   V   0.014   0.000   0.000
  793   D   0.008   0.000   0.000
  794   T   0.008   0.005   0.000
  795   A   0.011   0.004   0.000
  796   A   0.008   0.007   0.000
  797   S   0.025   0.006   0.004
  798   N   0.057   0.001   0.009
  799   L   0.011   0.001   0.004
  800   T   0.016   0.000   0.005
  801   N   0.011   0.000   0.004
  802   Q   0.010   0.000   0.004
  803   P   0.010   0.000   0.004
  804   I   0.008   0.000   0.003
  805   V   0.008   0.000   0.003
  806   D   0.008   0.000   0.003
  807   P   0.008   0.000   0.003
  808   I   0.010   0.001   0.004
  809   W   0.008   0.001   0.003
  810   G   0.008   0.001   0.003
  811   H   0.022   0.001   0.004
  812   T   0.008   0.001   0.002
  813   I   0.009   0.001   0.002
  814   D   0.008   0.000   0.002
  815   R   0.008   0.000   0.002
  816   T   0.009   0.000   0.002
  817   T   0.008   0.000   0.002
  818   I   0.008   0.000   0.002
  819   Q   0.012   0.001   0.002
  820   F   0.010   0.000   0.002
  821   Y   0.008   0.000   0.002
  822   E   0.008   0.000   0.002
  823   T   0.008   0.000   0.001
  824   R   0.009   0.000   0.001
  825   Y   0.008   0.000   0.000
  826   L   0.008   0.000   0.000
  827   S   0.008   0.000   0.000
  828   S   0.008   0.000   0.000
  829   S   0.011   0.001   0.000
  830   F   0.009   0.000   0.000
  831   S   0.008   0.000   0.000
  832   G   0.011   0.000   0.000
  833   E   0.011   0.000   0.000
  834   E   0.008   0.000   0.000
  835   F   0.008   0.000   0.000
  836   I   0.008   0.001   0.000
  837   S   0.008   0.001   0.000
  838   F   0.008   0.002   0.000
  839   V   0.008   0.004   0.000
  840   G   0.008   0.005   0.000
  841   Y   0.008   0.010   0.000
  842   H   0.009   0.010   0.000
  843   S   0.008   0.020   0.000
  844   K   0.010   0.008   0.000
  845   M   0.008   0.011   0.000
  846   S   0.008   0.024   0.000
  847   I   0.011   0.062   0.000
  848   A   0.008   0.141   0.000
  849   L   0.021   0.260   0.000
  850   I   0.008   0.340   0.000
  851   V   0.008   0.407   0.000
  852   V   0.008   0.522   0.000
  853   F   0.008   0.605   0.000
  854   W   0.008   0.816   0.000
  855   S   0.009   0.909   0.000
  856   V   0.008   0.912   0.000
  857   A   0.008   0.898   0.000
  858   T   0.022   0.870   0.000
  859   L   0.027   0.750   0.000
  860   I   0.032   0.676   0.017
  861   L   0.010   0.773   0.031
  862   L   0.016   0.870   0.056
  863   L   0.029   0.675   0.094
  864   F   0.013   0.671   0.071
  865   I   0.009   0.730   0.063
  866   T   0.009   0.712   0.069
  867   V   0.008   0.762   0.067
  868   L   0.008   0.438   0.074
  869   S   0.020   0.346   0.116
  870   L   0.117   0.322   0.277
  871   F   0.017   0.250   0.104
  872   L   0.012   0.119   0.084
  873   K   0.039   0.049   0.147
  874   Y   0.010   0.055   0.071
  875   R   0.013   0.064   0.078
  876   Y   0.009   0.037   0.061
  877   K   0.010   0.014   0.060
  878   Y   0.012   0.006   0.063
  879   T   0.008   0.008   0.047
  880   L   0.012   0.004   0.052
  881   A   0.008   0.005   0.038
  882   S   0.014   0.002   0.042
  883   K   0.009   0.002   0.029
  884   R   0.008   0.001   0.023
  885   A   0.008   0.000   0.018
  886   K   0.012   0.000   0.017
  887   A   0.008   0.000   0.011
  888   V   0.021   0.000   0.017
  889   Q   0.008   0.000   0.009
  890   L   0.008   0.000   0.007
  891   V   0.025   0.000   0.008
  892   N   0.008   0.000   0.004
  893   R   0.008   0.000   0.003
  894   E   0.009   0.000   0.003
  895   L   0.008   0.000   0.002
  896   S   0.008   0.000   0.002
  897   I   0.009   0.000   0.002
  898   E   0.008   0.000   0.001
  899   Y   0.008   0.000   0.001
  900   G   0.008   0.000   0.001
  901   P   0.008   0.000   0.000
  902   S   0.008   0.000   0.000
  903   R   0.008   0.000   0.000
  904   L   0.008   0.000   0.000
  905   G   0.010   0.000   0.000
  906   S   0.009   0.000   0.000
  907   S   0.011   0.000   0.000
  908   D   0.010   0.000   0.000
  909   L   0.008   0.000   0.000
  910   K   0.010   0.000   0.000
  911   Q   0.008   0.000   0.000
  912   K   0.008   0.000   0.000
  913   T   0.008   0.000   0.000
  914   R   0.008   0.001   0.000
  915   R   0.008   0.001   0.000
  916   G   0.008   0.000   0.000
  917   Q   0.008   0.000   0.000
  918   A   0.008   0.000   0.000
  919   G   0.015   0.000   0.000
  920   N   0.008   0.001   0.000
  921   G   0.008   0.000   0.000
  922   Q   0.010   0.000   0.000
  923   I   0.008   0.000   0.000
  924   D   0.008   0.000   0.000
  925   Q   0.008   0.001   0.000
  926   A   0.008   0.000   0.000
  927   Y   0.008   0.000   0.000
  928   S   0.008   0.000   0.000
  929   S   0.014   0.000   0.000
  930   M   0.008   0.002   0.000
  931   D   0.008   0.002   0.000
  932   N   0.008   0.001   0.001
  933   M   0.008   0.000   0.000
  934   S   0.008   0.000   0.000
  935   S   0.008   0.000   0.000
  936   H   0.008   0.000   0.000
  937   S   0.008   0.000   0.000
  938   L   0.013   0.000   0.000
  939   P   0.008   0.000   0.000
  940   L   0.008   0.000   0.000
  941   L   0.008   0.002   0.000
  942   Q   0.008   0.001   0.000
  943   S   0.008   0.001   0.000
  944   Y   0.017   0.000   0.000
  945   S   0.008   0.001   0.000
  946   P   0.008   0.006   0.000
  947   S   0.008   0.003   0.000
  948   Q   0.009   0.002   0.000
  949   S   0.008   0.007   0.001
  950   G   0.016   0.003   0.004
  951   G   0.009   0.003   0.004
  952   R   0.023   0.001   0.007
  953   H   0.008   0.000   0.004
  954   V   0.009   0.000   0.004
  955   A   0.008   0.000   0.004
  956   I   0.010   0.000   0.004
  957   P   0.008   0.000   0.004
  958   D   0.008   0.000   0.004
  959   F   0.008   0.000   0.004
  960   S   0.008   0.000   0.004
  961   H   0.008   0.000   0.003
  962   P   0.008   0.000   0.003
  963   F   0.009   0.000   0.003
  964   S   0.008   0.000   0.002
  965   K   0.008   0.000   0.002
  966   D   0.008   0.000   0.001
  967   L   0.008   0.000   0.000
  968   S   0.008   0.000   0.000
  969   S   0.009   0.000   0.000
  970   Q   0.013   0.000   0.000
  971   D   0.011   0.000   0.000
  972   S   0.008   0.000   0.000
  973   I   0.008   0.000   0.000
  974   L   0.008   0.000   0.000
  975   D   0.009   0.000   0.000
  976   R   0.008   0.000   0.000
  977   Q   0.008   0.000   0.000
  978   D   0.008   0.000   0.000
  979   R   0.008   0.000   0.000
  980   A   0.008   0.000   0.000
  981   K   0.011   0.000   0.000
  982   R   0.008   0.000   0.000
  983   N   0.008   0.000   0.000
  984   R   0.008   0.000   0.000
  985   R   0.008   0.000   0.000
  986   Q   0.008   0.000   0.000
>137755                length = 986
# Measure  Position  Value  Cutoff  signal peptide?
  max. C    23       0.749   0.32   YES
  max. Y    23       0.711   0.33   YES
  max. S    10       0.923   0.87   YES
  mean S     1-22    0.764   0.48   YES
       D     1-22    0.738   0.43   YES
# Most likely cleavage site between pos. 22 and 23: TEG-VY

SignalP-HMM result:
>137755
# pos  aa    C       S      n-reg   h-reg   c-reg
    1   M   0.000   0.050   0.050   0.000   0.000
    2   G   0.000   0.050   0.050   0.000   0.000
    3   P   0.000   0.050   0.050   0.001   0.000
    4   G   0.000   0.050   0.042   0.008   0.000
    5   T   0.000   0.050   0.036   0.015   0.000
    6   L   0.000   0.050   0.015   0.036   0.000
    7   Q   0.000   0.050   0.010   0.040   0.000
    8   L   0.000   0.050   0.003   0.048   0.000
    9   A   0.000   0.050   0.001   0.049   0.000
   10   L   0.000   0.050   0.000   0.050   0.000
   11   L   0.000   0.050   0.000   0.050   0.000
   12   S   0.000   0.050   0.000   0.046   0.005
   13   M   0.000   0.050   0.000   0.045   0.006
   14   I   0.000   0.050   0.000   0.043   0.007
   15   L   0.000   0.050   0.000   0.035   0.016
   16   A   0.000   0.050   0.000   0.024   0.026
   17   S   0.004   0.047   0.000   0.017   0.030
   18   H   0.001   0.046   0.000   0.000   0.046
   19   S   0.000   0.046   0.000   0.000   0.046
   20   T   0.015   0.032   0.000   0.000   0.032
   21   E   0.002   0.029   0.000   0.000   0.029
   22   G   0.000   0.029   0.000   0.000   0.029
   23   V   0.029   0.000   0.000   0.000   0.000
   24   Y   0.000   0.000   0.000   0.000   0.000
   25   N   0.000   0.000   0.000   0.000   0.000
   26   I   0.000   0.000   0.000   0.000   0.000
   27   K   0.000   0.000   0.000   0.000   0.000
   28   D   0.000   0.000   0.000   0.000   0.000
   29   M   0.000   0.000   0.000   0.000   0.000
   30   E   0.000   0.000   0.000   0.000   0.000
   31   P   0.000   0.000   0.000   0.000   0.000
   32   I   0.000   0.000   0.000   0.000   0.000
   33   S   0.000   0.000   0.000   0.000   0.000
   34   L   0.000   0.000   0.000   0.000   0.000
   35   D   0.000   0.000   0.000   0.000   0.000
   36   I   0.000   0.000   0.000   0.000   0.000
   37   D   0.000   0.000   0.000   0.000   0.000
   38   S   0.000   0.000   0.000   0.000   0.000
   39   T   0.000   0.000   0.000   0.000   0.000
   40   A   0.000   0.000   0.000   0.000   0.000
   41   T   0.000   0.000   0.000   0.000   0.000
   42   I   0.000   0.000   0.000   0.000   0.000
   43   R   0.000   0.000   0.000   0.000   0.000
   44   Y   0.000   0.000   0.000   0.000   0.000
   45   T   0.000   0.000   0.000   0.000   0.000
   46   Y   0.000   0.000   0.000   0.000   0.000
   47   T   0.000   0.000   0.000   0.000   0.000
   48   P   0.000   0.000   0.000   0.000   0.000
   49   V   0.000   0.000   0.000   0.000   0.000
   50   H   0.000   0.000   0.000   0.000   0.000
   51   N   0.000   0.000   0.000   0.000   0.000
   52   S   0.000   0.000   0.000   0.000   0.000
   53   S   0.000   0.000   0.000   0.000   0.000
   54   P   0.000   0.000   0.000   0.000   0.000
   55   L   0.000   0.000   0.000   0.000   0.000
   56   L   0.000   0.000   0.000   0.000   0.000
   57   C   0.000   0.000   0.000   0.000   0.000
   58   V   0.000   0.000   0.000   0.000   0.000
   59   N   0.000   0.000   0.000   0.000   0.000
   60   L   0.000   0.000   0.000   0.000   0.000
   61   T   0.000   0.000   0.000   0.000   0.000
   62   S   0.000   0.000   0.000   0.000   0.000
   63   Y   0.000   0.000   0.000   0.000   0.000
   64   A   0.000   0.000   0.000   0.000   0.000
   65   K   0.000   0.000   0.000   0.000   0.000
   66   T   0.000   0.000   0.000   0.000   0.000
   67   S   0.000   0.000   0.000   0.000   0.000
   68   T   0.000   0.000   0.000   0.000   0.000
   69   V   0.000   0.000   0.000   0.000   0.000
   70   S   0.000   0.000   0.000   0.000   0.000
   71   V   0.000   0.000   0.000   0.000   0.000
   72   S   0.000   0.000   0.000   0.000   0.000
   73   V   0.000   0.000   0.000   0.000   0.000
   74   G   0.000   0.000   0.000   0.000   0.000
   75   R   0.000   0.000   0.000   0.000   0.000
   76   I   0.000   0.000   0.000   0.000   0.000
   77   P   0.000   0.000   0.000   0.000   0.000
   78   L   0.000   0.000   0.000   0.000   0.000
   79   L   0.000   0.000   0.000   0.000   0.000
   80   L   0.000   0.000   0.000   0.000   0.000
   81   T   0.000   0.000   0.000   0.000   0.000
   82   T   0.000   0.000   0.000   0.000   0.000
   83   G   0.000   0.000   0.000   0.000   0.000
   84   S   0.000   0.000   0.000   0.000   0.000
   85   N   0.000   0.000   0.000   0.000   0.000
   86   M   0.000   0.000   0.000   0.000   0.000
   87   T   0.000   0.000   0.000   0.000   0.000
   88   A   0.000   0.000   0.000   0.000   0.000
   89   I   0.000   0.000   0.000   0.000   0.000
   90   P   0.000   0.000   0.000   0.000   0.000
   91   L   0.000   0.000   0.000   0.000   0.000
   92   E   0.000   0.000   0.000   0.000   0.000
   93   T   0.000   0.000   0.000   0.000   0.000
   94   V   0.000   0.000   0.000   0.000   0.000
   95   A   0.000   0.000   0.000   0.000   0.000
   96   S   0.000   0.000   0.000   0.000   0.000
   97   L   0.000   0.000   0.000   0.000   0.000
   98   I   0.000   0.000   0.000   0.000   0.000
   99   Q   0.000   0.000   0.000   0.000   0.000
  100   L   0.000   0.000   0.000   0.000   0.000
  101   S   0.000   0.000   0.000   0.000   0.000
  102   E   0.000   0.000   0.000   0.000   0.000
  103   S   0.000   0.000   0.000   0.000   0.000
  104   S   0.000   0.000   0.000   0.000   0.000
  105   T   0.000   0.000   0.000   0.000   0.000
  106   P   0.000   0.000   0.000   0.000   0.000
  107   S   0.000   0.000   0.000   0.000   0.000
  108   V   0.000   0.000   0.000   0.000   0.000
  109   I   0.000   0.000   0.000   0.000   0.000
  110   D   0.000   0.000   0.000   0.000   0.000
  111   F   0.000   0.000   0.000   0.000   0.000
  112   T   0.000   0.000   0.000   0.000   0.000
  113   V   0.000   0.000   0.000   0.000   0.000
  114   Q   0.000   0.000   0.000   0.000   0.000
  115   A   0.000   0.000   0.000   0.000   0.000
  116   T   0.000   0.000   0.000   0.000   0.000
  117   M   0.000   0.000   0.000   0.000   0.000
  118   P   0.000   0.000   0.000   0.000   0.000
  119   T   0.000   0.000   0.000   0.000   0.000
  120   T   0.000   0.000   0.000   0.000   0.000
  121   I   0.000   0.000   0.000   0.000   0.000
  122   N   0.000   0.000   0.000   0.000   0.000
  123   F   0.000   0.000   0.000   0.000   0.000
  124   T   0.000   0.000   0.000   0.000   0.000
  125   A   0.000   0.000   0.000   0.000   0.000
  126   G   0.000   0.000   0.000   0.000   0.000
  127   L   0.000   0.000   0.000   0.000   0.000
  128   F   0.000   0.000   0.000   0.000   0.000
  129   R   0.000   0.000   0.000   0.000   0.000
  130   Q   0.000   0.000   0.000   0.000   0.000
  131   L   0.000   0.000   0.000   0.000   0.000
  132   I   0.000   0.000   0.000   0.000   0.000
  133   Y   0.000   0.000   0.000   0.000   0.000
  134   G   0.000   0.000   0.000   0.000   0.000
  135   K   0.000   0.000   0.000   0.000   0.000
  136   S   0.000   0.000   0.000   0.000   0.000
  137   I   0.000   0.000   0.000   0.000   0.000
  138   T   0.000   0.000   0.000   0.000   0.000
  139   I   0.000   0.000   0.000   0.000   0.000
  140   A   0.000   0.000   0.000   0.000   0.000
  141   G   0.000   0.000   0.000   0.000   0.000
  142   N   0.000   0.000   0.000   0.000   0.000
  143   A   0.000   0.000   0.000   0.000   0.000
  144   R   0.000   0.000   0.000   0.000   0.000
  145   A   0.000   0.000   0.000   0.000   0.000
  146   S   0.000   0.000   0.000   0.000   0.000
  147   E   0.000   0.000   0.000   0.000   0.000
  148   R   0.000   0.000   0.000   0.000   0.000
  149   V   0.000   0.000   0.000   0.000   0.000
  150   L   0.000   0.000   0.000   0.000   0.000
  151   A   0.000   0.000   0.000   0.000   0.000
  152   L   0.000   0.000   0.000   0.000   0.000
  153   A   0.000   0.000   0.000   0.000   0.000
  154   N   0.000   0.000   0.000   0.000   0.000
  155   D   0.000   0.000   0.000   0.000   0.000
  156   G   0.000   0.000   0.000   0.000   0.000
  157   L   0.000   0.000   0.000   0.000   0.000
  158   H   0.000   0.000   0.000   0.000   0.000
  159   D   0.000   0.000   0.000   0.000   0.000
  160   I   0.000   0.000   0.000   0.000   0.000
  161   L   0.000   0.000   0.000   0.000   0.000
  162   L   0.000   0.000   0.000   0.000   0.000
  163   T   0.000   0.000   0.000   0.000   0.000
  164   F   0.000   0.000   0.000   0.000   0.000
  165   S   0.000   0.000   0.000   0.000   0.000
  166   D   0.000   0.000   0.000   0.000   0.000
  167   G   0.000   0.000   0.000   0.000   0.000
  168   D   0.000   0.000   0.000   0.000   0.000
  169   K   0.000   0.000   0.000   0.000   0.000
  170   T   0.000   0.000   0.000   0.000   0.000
  171   P   0.000   0.000   0.000   0.000   0.000
  172   A   0.000   0.000   0.000   0.000   0.000
  173   N   0.000   0.000   0.000   0.000   0.000
  174   A   0.000   0.000   0.000   0.000   0.000
  175   P   0.000   0.000   0.000   0.000   0.000
  176   P   0.000   0.000   0.000   0.000   0.000
  177   T   0.000   0.000   0.000   0.000   0.000
  178   C   0.000   0.000   0.000   0.000   0.000
  179   F   0.000   0.000   0.000   0.000   0.000
  180   I   0.000   0.000   0.000   0.000   0.000
  181   D   0.000   0.000   0.000   0.000   0.000
  182   L   0.000   0.000   0.000   0.000   0.000
  183   H   0.000   0.000   0.000   0.000   0.000
  184   S   0.000   0.000   0.000   0.000   0.000
  185   Q   0.000   0.000   0.000   0.000   0.000
  186   P   0.000   0.000   0.000   0.000   0.000
  187   F   0.000   0.000   0.000   0.000   0.000
  188   A   0.000   0.000   0.000   0.000   0.000
  189   T   0.000   0.000   0.000   0.000   0.000
  190   K   0.000   0.000   0.000   0.000   0.000
  191   R   0.000   0.000   0.000   0.000   0.000
  192   E   0.000   0.000   0.000   0.000   0.000
  193   S   0.000   0.000   0.000   0.000   0.000
  194   L   0.000   0.000   0.000   0.000   0.000
  195   A   0.000   0.000   0.000   0.000   0.000
  196   N   0.000   0.000   0.000   0.000   0.000
  197   P   0.000   0.000   0.000   0.000   0.000
  198   T   0.000   0.000   0.000   0.000   0.000
  199   T   0.000   0.000   0.000   0.000   0.000
  200   L   0.000   0.000   0.000   0.000   0.000
  201   L   0.000   0.000   0.000   0.000   0.000
  202   I   0.000   0.000   0.000   0.000   0.000
  203   R   0.000   0.000   0.000   0.000   0.000
  204   S   0.000   0.000   0.000   0.000   0.000
  205   V   0.000   0.000   0.000   0.000   0.000
  206   G   0.000   0.000   0.000   0.000   0.000
  207   N   0.000   0.000   0.000   0.000   0.000
  208   T   0.000   0.000   0.000   0.000   0.000
  209   Y   0.000   0.000   0.000   0.000   0.000
  210   Q   0.000   0.000   0.000   0.000   0.000
  211   Y   0.000   0.000   0.000   0.000   0.000
  212   V   0.000   0.000   0.000   0.000   0.000
  213   A   0.000   0.000   0.000   0.000   0.000
  214   A   0.000   0.000   0.000   0.000   0.000
  215   T   0.000   0.000   0.000   0.000   0.000
  216   N   0.000   0.000   0.000   0.000   0.000
  217   D   0.000   0.000   0.000   0.000   0.000
  218   Q   0.000   0.000   0.000   0.000   0.000
  219   E   0.000   0.000   0.000   0.000   0.000
  220   D   0.000   0.000   0.000   0.000   0.000
  221   H   0.000   0.000   0.000   0.000   0.000
  222   L   0.000   0.000   0.000   0.000   0.000
  223   T   0.000   0.000   0.000   0.000   0.000
  224   L   0.000   0.000   0.000   0.000   0.000
  225   P   0.000   0.000   0.000   0.000   0.000
  226   K   0.000   0.000   0.000   0.000   0.000
  227   R   0.000   0.000   0.000   0.000   0.000
  228   L   0.000   0.000   0.000   0.000   0.000
  229   F   0.000   0.000   0.000   0.000   0.000
  230   M   0.000   0.000   0.000   0.000   0.000
  231   E   0.000   0.000   0.000   0.000   0.000
  232   S   0.000   0.000   0.000   0.000   0.000
  233   S   0.000   0.000   0.000   0.000   0.000
  234   F   0.000   0.000   0.000   0.000   0.000
  235   Y   0.000   0.000   0.000   0.000   0.000
  236   Y   0.000   0.000   0.000   0.000   0.000
  237   L   0.000   0.000   0.000   0.000   0.000
  238   T   0.000   0.000   0.000   0.000   0.000
  239   V   0.000   0.000   0.000   0.000   0.000
  240   N   0.000   0.000   0.000   0.000   0.000
  241   L   0.000   0.000   0.000   0.000   0.000
  242   H   0.000   0.000   0.000   0.000   0.000
  243   D   0.000   0.000   0.000   0.000   0.000
  244   E   0.000   0.000   0.000   0.000   0.000
  245   L   0.000   0.000   0.000   0.000   0.000
  246   S   0.000   0.000   0.000   0.000   0.000
  247   S   0.000   0.000   0.000   0.000   0.000
  248   L   0.000   0.000   0.000   0.000   0.000
  249   T   0.000   0.000   0.000   0.000   0.000
  250   I   0.000   0.000   0.000   0.000   0.000
  251   S   0.000   0.000   0.000   0.000   0.000
  252   Y   0.000   0.000   0.000   0.000   0.000
  253   V   0.000   0.000   0.000   0.000   0.000
  254   E   0.000   0.000   0.000   0.000   0.000
  255   R   0.000   0.000   0.000   0.000   0.000
  256   Y   0.000   0.000   0.000   0.000   0.000
  257   Q   0.000   0.000   0.000   0.000   0.000
  258   R   0.000   0.000   0.000   0.000   0.000
  259   F   0.000   0.000   0.000   0.000   0.000
  260   T   0.000   0.000   0.000   0.000   0.000
  261   P   0.000   0.000   0.000   0.000   0.000
  262   D   0.000   0.000   0.000   0.000   0.000
  263   L   0.000   0.000   0.000   0.000   0.000
  264   Q   0.000   0.000   0.000   0.000   0.000
  265   I   0.000   0.000   0.000   0.000   0.000
  266   D   0.000   0.000   0.000   0.000   0.000
  267   Y   0.000   0.000   0.000   0.000   0.000
  268   Y   0.000   0.000   0.000   0.000   0.000
  269   N   0.000   0.000   0.000   0.000   0.000
  270   V   0.000   0.000   0.000   0.000   0.000
  271   P   0.000   0.000   0.000   0.000   0.000
  272   I   0.000   0.000   0.000   0.000   0.000
  273   H   0.000   0.000   0.000   0.000   0.000
  274   Y   0.000   0.000   0.000   0.000   0.000
  275   T   0.000   0.000   0.000   0.000   0.000
  276   V   0.000   0.000   0.000   0.000   0.000
  277   D   0.000   0.000   0.000   0.000   0.000
  278   I   0.000   0.000   0.000   0.000   0.000
  279   S   0.000   0.000   0.000   0.000   0.000
  280   D   0.000   0.000   0.000   0.000   0.000
  281   Y   0.000   0.000   0.000   0.000   0.000
  282   R   0.000   0.000   0.000   0.000   0.000
  283   A   0.000   0.000   0.000   0.000   0.000
  284   G   0.000   0.000   0.000   0.000   0.000
  285   T   0.000   0.000   0.000   0.000   0.000
  286   Q   0.000   0.000   0.000   0.000   0.000
  287   I   0.000   0.000   0.000   0.000   0.000
  288   L   0.000   0.000   0.000   0.000   0.000
  289   I   0.000   0.000   0.000   0.000   0.000
  290   G   0.000   0.000   0.000   0.000   0.000
  291   S   0.000   0.000   0.000   0.000   0.000
  292   T   0.000   0.000   0.000   0.000   0.000
  293   C   0.000   0.000   0.000   0.000   0.000
  294   L   0.000   0.000   0.000   0.000   0.000
  295   D   0.000   0.000   0.000   0.000   0.000
  296   A   0.000   0.000   0.000   0.000   0.000
  297   E   0.000   0.000   0.000   0.000   0.000
  298   R   0.000   0.000   0.000   0.000   0.000
  299   I   0.000   0.000   0.000   0.000   0.000
  300   P   0.000   0.000   0.000   0.000   0.000
  301   Y   0.000   0.000   0.000   0.000   0.000
  302   S   0.000   0.000   0.000   0.000   0.000
  303   S   0.000   0.000   0.000   0.000   0.000
  304   I   0.000   0.000   0.000   0.000   0.000
  305   R   0.000   0.000   0.000   0.000   0.000
  306   I   0.000   0.000   0.000   0.000   0.000
  307   C   0.000   0.000   0.000   0.000   0.000
  308   L   0.000   0.000   0.000   0.000   0.000
  309   R   0.000   0.000   0.000   0.000   0.000
  310   Y   0.000   0.000   0.000   0.000   0.000
  311   N   0.000   0.000   0.000   0.000   0.000
  312   I   0.000   0.000   0.000   0.000   0.000
  313   L   0.000   0.000   0.000   0.000   0.000
  314   S   0.000   0.000   0.000   0.000   0.000
  315   V   0.000   0.000   0.000   0.000   0.000
  316   A   0.000   0.000   0.000   0.000   0.000
  317   C   0.000   0.000   0.000   0.000   0.000
  318   S   0.000   0.000   0.000   0.000   0.000
  319   L   0.000   0.000   0.000   0.000   0.000
  320   I   0.000   0.000   0.000   0.000   0.000
  321   L   0.000   0.000   0.000   0.000   0.000
  322   Q   0.000   0.000   0.000   0.000   0.000
  323   N   0.000   0.000   0.000   0.000   0.000
  324   T   0.000   0.000   0.000   0.000   0.000
  325   L   0.000   0.000   0.000   0.000   0.000
  326   R   0.000   0.000   0.000   0.000   0.000
  327   Y   0.000   0.000   0.000   0.000   0.000
  328   A   0.000   0.000   0.000   0.000   0.000
  329   W   0.000   0.000   0.000   0.000   0.000
  330   M   0.000   0.000   0.000   0.000   0.000
  331   T   0.000   0.000   0.000   0.000   0.000
  332   V   0.000   0.000   0.000   0.000   0.000
  333   Q   0.000   0.000   0.000   0.000   0.000
  334   E   0.000   0.000   0.000   0.000   0.000
  335   V   0.000   0.000   0.000   0.000   0.000
  336   T   0.000   0.000   0.000   0.000   0.000
  337   P   0.000   0.000   0.000   0.000   0.000
  338   P   0.000   0.000   0.000   0.000   0.000
  339   G   0.000   0.000   0.000   0.000   0.000
  340   Y   0.000   0.000   0.000   0.000   0.000
  341   L   0.000   0.000   0.000   0.000   0.000
  342   S   0.000   0.000   0.000   0.000   0.000
  343   S   0.000   0.000   0.000   0.000   0.000
  344   I   0.000   0.000   0.000   0.000   0.000
  345   Y   0.000   0.000   0.000   0.000   0.000
  346   V   0.000   0.000   0.000   0.000   0.000
  347   S   0.000   0.000   0.000   0.000   0.000
  348   D   0.000   0.000   0.000   0.000   0.000
  349   L   0.000   0.000   0.000   0.000   0.000
  350   S   0.000   0.000   0.000   0.000   0.000
  351   S   0.000   0.000   0.000   0.000   0.000
  352   F   0.000   0.000   0.000   0.000   0.000
  353   A   0.000   0.000   0.000   0.000   0.000
  354   G   0.000   0.000   0.000   0.000   0.000
  355   Y   0.000   0.000   0.000   0.000   0.000
  356   Q   0.000   0.000   0.000   0.000   0.000
  357   A   0.000   0.000   0.000   0.000   0.000
  358   S   0.000   0.000   0.000   0.000   0.000
  359   T   0.000   0.000   0.000   0.000   0.000
  360   S   0.000   0.000   0.000   0.000   0.000
  361   A   0.000   0.000   0.000   0.000   0.000
  362   E   0.000   0.000   0.000   0.000   0.000
  363   I   0.000   0.000   0.000   0.000   0.000
  364   Y   0.000   0.000   0.000   0.000   0.000
  365   N   0.000   0.000   0.000   0.000   0.000
  366   L   0.000   0.000   0.000   0.000   0.000
  367   K   0.000   0.000   0.000   0.000   0.000
  368   S   0.000   0.000   0.000   0.000   0.000
  369   A   0.000   0.000   0.000   0.000   0.000
  370   G   0.000   0.000   0.000   0.000   0.000
  371   S   0.000   0.000   0.000   0.000   0.000
  372   C   0.000   0.000   0.000   0.000   0.000
  373   K   0.000   0.000   0.000   0.000   0.000
  374   I   0.000   0.000   0.000   0.000   0.000
  375   F   0.000   0.000   0.000   0.000   0.000
  376   L   0.000   0.000   0.000   0.000   0.000
  377   T   0.000   0.000   0.000   0.000   0.000
  378   N   0.000   0.000   0.000   0.000   0.000
  379   V   0.000   0.000   0.000   0.000   0.000
  380   N   0.000   0.000   0.000   0.000   0.000
  381   F   0.000   0.000   0.000   0.000   0.000
  382   I   0.000   0.000   0.000   0.000   0.000
  383   T   0.000   0.000   0.000   0.000   0.000
  384   G   0.000   0.000   0.000   0.000   0.000
  385   A   0.000   0.000   0.000   0.000   0.000
  386   T   0.000   0.000   0.000   0.000   0.000
  387   E   0.000   0.000   0.000   0.000   0.000
  388   T   0.000   0.000   0.000   0.000   0.000
  389   L   0.000   0.000   0.000   0.000   0.000
  390   S   0.000   0.000   0.000   0.000   0.000
  391   F   0.000   0.000   0.000   0.000   0.000
  392   V   0.000   0.000   0.000   0.000   0.000
  393   N   0.000   0.000   0.000   0.000   0.000
  394   K   0.000   0.000   0.000   0.000   0.000
  395   N   0.000   0.000   0.000   0.000   0.000
  396   N   0.000   0.000   0.000   0.000   0.000
  397   R   0.000   0.000   0.000   0.000   0.000
  398   N   0.000   0.000   0.000   0.000   0.000
  399   K   0.000   0.000   0.000   0.000   0.000
  400   A   0.000   0.000   0.000   0.000   0.000
  401   T   0.000   0.000   0.000   0.000   0.000
  402   L   0.000   0.000   0.000   0.000   0.000
  403   L   0.000   0.000   0.000   0.000   0.000
  404   I   0.000   0.000   0.000   0.000   0.000
  405   I   0.000   0.000   0.000   0.000   0.000
  406   E   0.000   0.000   0.000   0.000   0.000
  407   N   0.000   0.000   0.000   0.000   0.000
  408   P   0.000   0.000   0.000   0.000   0.000
  409   G   0.000   0.000   0.000   0.000   0.000
  410   W   0.000   0.000   0.000   0.000   0.000
  411   I   0.000   0.000   0.000   0.000   0.000
  412   D   0.000   0.000   0.000   0.000   0.000
  413   D   0.000   0.000   0.000   0.000   0.000
  414   E   0.000   0.000   0.000   0.000   0.000
  415   L   0.000   0.000   0.000   0.000   0.000
  416   V   0.000   0.000   0.000   0.000   0.000
  417   V   0.000   0.000   0.000   0.000   0.000
  418   V   0.000   0.000   0.000   0.000   0.000
  419   I   0.000   0.000   0.000   0.000   0.000
  420   T   0.000   0.000   0.000   0.000   0.000
  421   L   0.000   0.000   0.000   0.000   0.000
  422   R   0.000   0.000   0.000   0.000   0.000
  423   P   0.000   0.000   0.000   0.000   0.000
  424   F   0.000   0.000   0.000   0.000   0.000
  425   Y   0.000   0.000   0.000   0.000   0.000
  426   E   0.000   0.000   0.000   0.000   0.000
  427   V   0.000   0.000   0.000   0.000   0.000
  428   S   0.000   0.000   0.000   0.000   0.000
  429   I   0.000   0.000   0.000   0.000   0.000
  430   P   0.000   0.000   0.000   0.000   0.000
  431   N   0.000   0.000   0.000   0.000   0.000
  432   F   0.000   0.000   0.000   0.000   0.000
  433   H   0.000   0.000   0.000   0.000   0.000
  434   P   0.000   0.000   0.000   0.000   0.000
  435   Y   0.000   0.000   0.000   0.000   0.000
  436   V   0.000   0.000   0.000   0.000   0.000
  437   Q   0.000   0.000   0.000   0.000   0.000
  438   F   0.000   0.000   0.000   0.000   0.000
  439   F   0.000   0.000   0.000   0.000   0.000
  440   L   0.000   0.000   0.000   0.000   0.000
  441   S   0.000   0.000   0.000   0.000   0.000
  442   T   0.000   0.000   0.000   0.000   0.000
  443   T   0.000   0.000   0.000   0.000   0.000
  444   L   0.000   0.000   0.000   0.000   0.000
  445   V   0.000   0.000   0.000   0.000   0.000
  446   Y   0.000   0.000   0.000   0.000   0.000
  447   P   0.000   0.000   0.000   0.000   0.000
  448   N   0.000   0.000   0.000   0.000   0.000
  449   E   0.000   0.000   0.000   0.000   0.000
  450   T   0.000   0.000   0.000   0.000   0.000
  451   H   0.000   0.000   0.000   0.000   0.000
  452   N   0.000   0.000   0.000   0.000   0.000
  453   S   0.000   0.000   0.000   0.000   0.000
  454   L   0.000   0.000   0.000   0.000   0.000
  455   A   0.000   0.000   0.000   0.000   0.000
  456   Y   0.000   0.000   0.000   0.000   0.000
  457   V   0.000   0.000   0.000   0.000   0.000
  458   M   0.000   0.000   0.000   0.000   0.000
  459   N   0.000   0.000   0.000   0.000   0.000
  460   F   0.000   0.000   0.000   0.000   0.000
  461   P   0.000   0.000   0.000   0.000   0.000
  462   H   0.000   0.000   0.000   0.000   0.000
  463   L   0.000   0.000   0.000   0.000   0.000
  464   S   0.000   0.000   0.000   0.000   0.000
  465   G   0.000   0.000   0.000   0.000   0.000
  466   V   0.000   0.000   0.000   0.000   0.000
  467   N   0.000   0.000   0.000   0.000   0.000
  468   Y   0.000   0.000   0.000   0.000   0.000
  469   A   0.000   0.000   0.000   0.000   0.000
  470   G   0.000   0.000   0.000   0.000   0.000
  471   S   0.000   0.000   0.000   0.000   0.000
  472   S   0.000   0.000   0.000   0.000   0.000
  473   V   0.000   0.000   0.000   0.000   0.000
  474   I   0.000   0.000   0.000   0.000   0.000
  475   P   0.000   0.000   0.000   0.000   0.000
  476   T   0.000   0.000   0.000   0.000   0.000
  477   Y   0.000   0.000   0.000   0.000   0.000
  478   L   0.000   0.000   0.000   0.000   0.000
  479   E   0.000   0.000   0.000   0.000   0.000
  480   A   0.000   0.000   0.000   0.000   0.000
  481   I   0.000   0.000   0.000   0.000   0.000
  482   T   0.000   0.000   0.000   0.000   0.000
  483   N   0.000   0.000   0.000   0.000   0.000
  484   K   0.000   0.000   0.000   0.000   0.000
  485   S   0.000   0.000   0.000   0.000   0.000
  486   A   0.000   0.000   0.000   0.000   0.000
  487   V   0.000   0.000   0.000   0.000   0.000
  488   L   0.000   0.000   0.000   0.000   0.000
  489   R   0.000   0.000   0.000   0.000   0.000
  490   I   0.000   0.000   0.000   0.000   0.000
  491   R   0.000   0.000   0.000   0.000   0.000
  492   P   0.000   0.000   0.000   0.000   0.000
  493   E   0.000   0.000   0.000   0.000   0.000
  494   D   0.000   0.000   0.000   0.000   0.000
  495   F   0.000   0.000   0.000   0.000   0.000
  496   S   0.000   0.000   0.000   0.000   0.000
  497   V   0.000   0.000   0.000   0.000   0.000
  498   Q   0.000   0.000   0.000   0.000   0.000
  499   P   0.000   0.000   0.000   0.000   0.000
  500   D   0.000   0.000   0.000   0.000   0.000
  501   T   0.000   0.000   0.000   0.000   0.000
  502   G   0.000   0.000   0.000   0.000   0.000
  503   S   0.000   0.000   0.000   0.000   0.000
  504   I   0.000   0.000   0.000   0.000   0.000
  505   Y   0.000   0.000   0.000   0.000   0.000
  506   I   0.000   0.000   0.000   0.000   0.000
  507   K   0.000   0.000   0.000   0.000   0.000
  508   L   0.000   0.000   0.000   0.000   0.000
  509   E   0.000   0.000   0.000   0.000   0.000
  510   H   0.000   0.000   0.000   0.000   0.000
  511   S   0.000   0.000   0.000   0.000   0.000
  512   V   0.000   0.000   0.000   0.000   0.000
  513   D   0.000   0.000   0.000   0.000   0.000
  514   L   0.000   0.000   0.000   0.000   0.000
  515   D   0.000   0.000   0.000   0.000   0.000
  516   L   0.000   0.000   0.000   0.000   0.000
  517   L   0.000   0.000   0.000   0.000   0.000
  518   I   0.000   0.000   0.000   0.000   0.000
  519   L   0.000   0.000   0.000   0.000   0.000
  520   N   0.000   0.000   0.000   0.000   0.000
  521   A   0.000   0.000   0.000   0.000   0.000
  522   A   0.000   0.000   0.000   0.000   0.000
  523   K   0.000   0.000   0.000   0.000   0.000
  524   P   0.000   0.000   0.000   0.000   0.000
  525   A   0.000   0.000   0.000   0.000   0.000
  526   P   0.000   0.000   0.000   0.000   0.000
  527   L   0.000   0.000   0.000   0.000   0.000
  528   R   0.000   0.000   0.000   0.000   0.000
  529   P   0.000   0.000   0.000   0.000   0.000
  530   G   0.000   0.000   0.000   0.000   0.000
  531   L   0.000   0.000   0.000   0.000   0.000
  532   L   0.000   0.000   0.000   0.000   0.000
  533   Y   0.000   0.000   0.000   0.000   0.000
  534   G   0.000   0.000   0.000   0.000   0.000
  535   T   0.000   0.000   0.000   0.000   0.000
  536   E   0.000   0.000   0.000   0.000   0.000
  537   S   0.000   0.000   0.000   0.000   0.000
  538   N   0.000   0.000   0.000   0.000   0.000
  539   P   0.000   0.000   0.000   0.000   0.000
  540   L   0.000   0.000   0.000   0.000   0.000
  541   S   0.000   0.000   0.000   0.000   0.000
  542   A   0.000   0.000   0.000   0.000   0.000
  543   L   0.000   0.000   0.000   0.000   0.000
  544   N   0.000   0.000   0.000   0.000   0.000
  545   L   0.000   0.000   0.000   0.000   0.000
  546   Y   0.000   0.000   0.000   0.000   0.000
  547   Y   0.000   0.000   0.000   0.000   0.000
  548   I   0.000   0.000   0.000   0.000   0.000
  549   D   0.000   0.000   0.000   0.000   0.000
  550   S   0.000   0.000   0.000   0.000   0.000
  551   G   0.000   0.000   0.000   0.000   0.000
  552   H   0.000   0.000   0.000   0.000   0.000
  553   T   0.000   0.000   0.000   0.000   0.000
  554   T   0.000   0.000   0.000   0.000   0.000
  555   G   0.000   0.000   0.000   0.000   0.000
  556   V   0.000   0.000   0.000   0.000   0.000
  557   S   0.000   0.000   0.000   0.000   0.000
  558   T   0.000   0.000   0.000   0.000   0.000
  559   L   0.000   0.000   0.000   0.000   0.000
  560   S   0.000   0.000   0.000   0.000   0.000
  561   G   0.000   0.000   0.000   0.000   0.000
  562   Y   0.000   0.000   0.000   0.000   0.000
  563   I   0.000   0.000   0.000   0.000   0.000
  564   Y   0.000   0.000   0.000   0.000   0.000
  565   F   0.000   0.000   0.000   0.000   0.000
  566   D   0.000   0.000   0.000   0.000   0.000
  567   V   0.000   0.000   0.000   0.000   0.000
  568   C   0.000   0.000   0.000   0.000   0.000
  569   N   0.000   0.000   0.000   0.000   0.000
  570   T   0.000   0.000   0.000   0.000   0.000
  571   S   0.000   0.000   0.000   0.000   0.000
  572   L   0.000   0.000   0.000   0.000   0.000
  573   F   0.000   0.000   0.000   0.000   0.000
  574   L   0.000   0.000   0.000   0.000   0.000
  575   S   0.000   0.000   0.000   0.000   0.000
  576   N   0.000   0.000   0.000   0.000   0.000
  577   Q   0.000   0.000   0.000   0.000   0.000
  578   S   0.000   0.000   0.000   0.000   0.000
  579   N   0.000   0.000   0.000   0.000   0.000
  580   K   0.000   0.000   0.000   0.000   0.000
  581   K   0.000   0.000   0.000   0.000   0.000
  582   P   0.000   0.000   0.000   0.000   0.000
  583   I   0.000   0.000   0.000   0.000   0.000
  584   K   0.000   0.000   0.000   0.000   0.000
  585   L   0.000   0.000   0.000   0.000   0.000
  586   R   0.000   0.000   0.000   0.000   0.000
  587   L   0.000   0.000   0.000   0.000   0.000
  588   T   0.000   0.000   0.000   0.000   0.000
  589   D   0.000   0.000   0.000   0.000   0.000
  590   N   0.000   0.000   0.000   0.000   0.000
  591   M   0.000   0.000   0.000   0.000   0.000
  592   D   0.000   0.000   0.000   0.000   0.000
  593   H   0.000   0.000   0.000   0.000   0.000
  594   S   0.000   0.000   0.000   0.000   0.000
  595   G   0.000   0.000   0.000   0.000   0.000
  596   I   0.000   0.000   0.000   0.000   0.000
  597   N   0.000   0.000   0.000   0.000   0.000
  598   F   0.000   0.000   0.000   0.000   0.000
  599   L   0.000   0.000   0.000   0.000   0.000
  600   D   0.000   0.000   0.000   0.000   0.000
  601   M   0.000   0.000   0.000   0.000   0.000
  602   L   0.000   0.000   0.000   0.000   0.000
  603   V   0.000   0.000   0.000   0.000   0.000
  604   P   0.000   0.000   0.000   0.000   0.000
  605   I   0.000   0.000   0.000   0.000   0.000
  606   T   0.000   0.000   0.000   0.000   0.000
  607   E   0.000   0.000   0.000   0.000   0.000
  608   A   0.000   0.000   0.000   0.000   0.000
  609   M   0.000   0.000   0.000   0.000   0.000
  610   V   0.000   0.000   0.000   0.000   0.000
  611   Y   0.000   0.000   0.000   0.000   0.000
  612   A   0.000   0.000   0.000   0.000   0.000
  613   P   0.000   0.000   0.000   0.000   0.000
  614   V   0.000   0.000   0.000   0.000   0.000
  615   Y   0.000   0.000   0.000   0.000   0.000
  616   S   0.000   0.000   0.000   0.000   0.000
  617   S   0.000   0.000   0.000   0.000   0.000
  618   Y   0.000   0.000   0.000   0.000   0.000
  619   A   0.000   0.000   0.000   0.000   0.000
  620   T   0.000   0.000   0.000   0.000   0.000
  621   F   0.000   0.000   0.000   0.000   0.000
  622   V   0.000   0.000   0.000   0.000   0.000
  623   R   0.000   0.000   0.000   0.000   0.000
  624   I   0.000   0.000   0.000   0.000   0.000
  625   L   0.000   0.000   0.000   0.000   0.000
  626   D   0.000   0.000   0.000   0.000   0.000
  627   T   0.000   0.000   0.000   0.000   0.000
  628   E   0.000   0.000   0.000   0.000   0.000
  629   Y   0.000   0.000   0.000   0.000   0.000
  630   V   0.000   0.000   0.000   0.000   0.000
  631   S   0.000   0.000   0.000   0.000   0.000
  632   P   0.000   0.000   0.000   0.000   0.000
  633   S   0.000   0.000   0.000   0.000   0.000
  634   A   0.000   0.000   0.000   0.000   0.000
  635   I   0.000   0.000   0.000   0.000   0.000
  636   S   0.000   0.000   0.000   0.000   0.000
  637   Y   0.000   0.000   0.000   0.000   0.000
  638   K   0.000   0.000   0.000   0.000   0.000
  639   I   0.000   0.000   0.000   0.000   0.000
  640   G   0.000   0.000   0.000   0.000   0.000
  641   Y   0.000   0.000   0.000   0.000   0.000
  642   L   0.000   0.000   0.000   0.000   0.000
  643   T   0.000   0.000   0.000   0.000   0.000
  644   R   0.000   0.000   0.000   0.000   0.000
  645   F   0.000   0.000   0.000   0.000   0.000
  646   A   0.000   0.000   0.000   0.000   0.000
  647   G   0.000   0.000   0.000   0.000   0.000
  648   I   0.000   0.000   0.000   0.000   0.000
  649   I   0.000   0.000   0.000   0.000   0.000
  650   I   0.000   0.000   0.000   0.000   0.000
  651   G   0.000   0.000   0.000   0.000   0.000
  652   D   0.000   0.000   0.000   0.000   0.000
  653   S   0.000   0.000   0.000   0.000   0.000
  654   R   0.000   0.000   0.000   0.000   0.000
  655   V   0.000   0.000   0.000   0.000   0.000
  656   R   0.000   0.000   0.000   0.000   0.000
  657   I   0.000   0.000   0.000   0.000   0.000
  658   H   0.000   0.000   0.000   0.000   0.000
  659   T   0.000   0.000   0.000   0.000   0.000
  660   G   0.000   0.000   0.000   0.000   0.000
  661   L   0.000   0.000   0.000   0.000   0.000
  662   M   0.000   0.000   0.000   0.000   0.000
  663   S   0.000   0.000   0.000   0.000   0.000
  664   D   0.000   0.000   0.000   0.000   0.000
  665   I   0.000   0.000   0.000   0.000   0.000
  666   I   0.000   0.000   0.000   0.000   0.000
  667   E   0.000   0.000   0.000   0.000   0.000
  668   V   0.000   0.000   0.000   0.000   0.000
  669   D   0.000   0.000   0.000   0.000   0.000
  670   S   0.000   0.000   0.000   0.000   0.000
  671   A   0.000   0.000   0.000   0.000   0.000
  672   K   0.000   0.000   0.000   0.000   0.000
  673   A   0.000   0.000   0.000   0.000   0.000
  674   P   0.000   0.000   0.000   0.000   0.000
  675   A   0.000   0.000   0.000   0.000   0.000
  676   Q   0.000   0.000   0.000   0.000   0.000
  677   R   0.000   0.000   0.000   0.000   0.000
  678   Y   0.000   0.000   0.000   0.000   0.000
  679   T   0.000   0.000   0.000   0.000   0.000
  680   A   0.000   0.000   0.000   0.000   0.000
  681   Y   0.000   0.000   0.000   0.000   0.000
  682   T   0.000   0.000   0.000   0.000   0.000
  683   G   0.000   0.000   0.000   0.000   0.000
  684   E   0.000   0.000   0.000   0.000   0.000
  685   A   0.000   0.000   0.000   0.000   0.000
  686   G   0.000   0.000   0.000   0.000   0.000
  687   I   0.000   0.000   0.000   0.000   0.000
  688   H   0.000   0.000   0.000   0.000   0.000
  689   I   0.000   0.000   0.000   0.000   0.000
  690   A   0.000   0.000   0.000   0.000   0.000
  691   Y   0.000   0.000   0.000   0.000   0.000
  692   A   0.000   0.000   0.000   0.000   0.000
  693   V   0.000   0.000   0.000   0.000   0.000
  694   Y   0.000   0.000   0.000   0.000   0.000
  695   L   0.000   0.000   0.000   0.000   0.000
  696   V   0.000   0.000   0.000   0.000   0.000
  697   P   0.000   0.000   0.000   0.000   0.000
  698   C   0.000   0.000   0.000   0.000   0.000
  699   A   0.000   0.000   0.000   0.000   0.000
  700   S   0.000   0.000   0.000   0.000   0.000
  701   V   0.000   0.000   0.000   0.000   0.000
  702   A   0.000   0.000   0.000   0.000   0.000
  703   E   0.000   0.000   0.000   0.000   0.000
  704   V   0.000   0.000   0.000   0.000   0.000
  705   R   0.000   0.000   0.000   0.000   0.000
  706   Q   0.000   0.000   0.000   0.000   0.000
  707   A   0.000   0.000   0.000   0.000   0.000
  708   Y   0.000   0.000   0.000   0.000   0.000
  709   P   0.000   0.000   0.000   0.000   0.000
  710   M   0.000   0.000   0.000   0.000   0.000
  711   V   0.000   0.000   0.000   0.000   0.000
  712   P   0.000   0.000   0.000   0.000   0.000
  713   I   0.000   0.000   0.000   0.000   0.000
  714   S   0.000   0.000   0.000   0.000   0.000
  715   R   0.000   0.000   0.000   0.000   0.000
  716   C   0.000   0.000   0.000   0.000   0.000
  717   G   0.000   0.000   0.000   0.000   0.000
  718   L   0.000   0.000   0.000   0.000   0.000
  719   E   0.000   0.000   0.000   0.000   0.000
  720   G   0.000   0.000   0.000   0.000   0.000
  721   A   0.000   0.000   0.000   0.000   0.000
  722   L   0.000   0.000   0.000   0.000   0.000
  723   E   0.000   0.000   0.000   0.000   0.000
  724   H   0.000   0.000   0.000   0.000   0.000
  725   T   0.000   0.000   0.000   0.000   0.000
  726   P   0.000   0.000   0.000   0.000   0.000
  727   S   0.000   0.000   0.000   0.000   0.000
  728   V   0.000   0.000   0.000   0.000   0.000
  729   Q   0.000   0.000   0.000   0.000   0.000
  730   D   0.000   0.000   0.000   0.000   0.000
  731   M   0.000   0.000   0.000   0.000   0.000
  732   D   0.000   0.000   0.000   0.000   0.000
  733   T   0.000   0.000   0.000   0.000   0.000
  734   S   0.000   0.000   0.000   0.000   0.000
  735   N   0.000   0.000   0.000   0.000   0.000
  736   V   0.000   0.000   0.000   0.000   0.000
  737   V   0.000   0.000   0.000   0.000   0.000
  738   Y   0.000   0.000   0.000   0.000   0.000
  739   R   0.000   0.000   0.000   0.000   0.000
  740   V   0.000   0.000   0.000   0.000   0.000
  741   S   0.000   0.000   0.000   0.000   0.000
  742   E   0.000   0.000   0.000   0.000   0.000
  743   W   0.000   0.000   0.000   0.000   0.000
  744   V   0.000   0.000   0.000   0.000   0.000
  745   V   0.000   0.000   0.000   0.000   0.000
  746   A   0.000   0.000   0.000   0.000   0.000
  747   P   0.000   0.000   0.000   0.000   0.000
  748   A   0.000   0.000   0.000   0.000   0.000
  749   A   0.000   0.000   0.000   0.000   0.000
  750   D   0.000   0.000   0.000   0.000   0.000
  751   N   0.000   0.000   0.000   0.000   0.000
  752   T   0.000   0.000   0.000   0.000   0.000
  753   E   0.000   0.000   0.000   0.000   0.000
  754   I   0.000   0.000   0.000   0.000   0.000
  755   Y   0.000   0.000   0.000   0.000   0.000
  756   T   0.000   0.000   0.000   0.000   0.000
  757   P   0.000   0.000   0.000   0.000   0.000
  758   E   0.000   0.000   0.000   0.000   0.000
  759   F   0.000   0.000   0.000   0.000   0.000
  760   I   0.000   0.000   0.000   0.000   0.000
  761   E   0.000   0.000   0.000   0.000   0.000
  762   Q   0.000   0.000   0.000   0.000   0.000
  763   A   0.000   0.000   0.000   0.000   0.000
  764   N   0.000   0.000   0.000   0.000   0.000
  765   N   0.000   0.000   0.000   0.000   0.000
  766   T   0.000   0.000   0.000   0.000   0.000
  767   W   0.000   0.000   0.000   0.000   0.000
  768   S   0.000   0.000   0.000   0.000   0.000
  769   M   0.000   0.000   0.000   0.000   0.000
  770   L   0.000   0.000   0.000   0.000   0.000
  771   R   0.000   0.000   0.000   0.000   0.000
  772   I   0.000   0.000   0.000   0.000   0.000
  773   P   0.000   0.000   0.000   0.000   0.000
  774   V   0.000   0.000   0.000   0.000   0.000
  775   D   0.000   0.000   0.000   0.000   0.000
  776   L   0.000   0.000   0.000   0.000   0.000
  777   P   0.000   0.000   0.000   0.000   0.000
  778   S   0.000   0.000   0.000   0.000   0.000
  779   Y   0.000   0.000   0.000   0.000   0.000
  780   K   0.000   0.000   0.000   0.000   0.000
  781   H   0.000   0.000   0.000   0.000   0.000
  782   E   0.000   0.000   0.000   0.000   0.000
  783   P   0.000   0.000   0.000   0.000   0.000
  784   Y   0.000   0.000   0.000   0.000   0.000
  785   Y   0.000   0.000   0.000   0.000   0.000
  786   L   0.000   0.000   0.000   0.000   0.000
  787   V   0.000   0.000   0.000   0.000   0.000
  788   V   0.000   0.000   0.000   0.000   0.000
  789   V   0.000   0.000   0.000   0.000   0.000
  790   A   0.000   0.000   0.000   0.000   0.000
  791   A   0.000   0.000   0.000   0.000   0.000
  792   V   0.000   0.000   0.000   0.000   0.000
  793   D   0.000   0.000   0.000   0.000   0.000
  794   T   0.000   0.000   0.000   0.000   0.000
  795   A   0.000   0.000   0.000   0.000   0.000
  796   A   0.000   0.000   0.000   0.000   0.000
  797   S   0.000   0.000   0.000   0.000   0.000
  798   N   0.000   0.000   0.000   0.000   0.000
  799   L   0.000   0.000   0.000   0.000   0.000
  800   T   0.000   0.000   0.000   0.000   0.000
  801   N   0.000   0.000   0.000   0.000   0.000
  802   Q   0.000   0.000   0.000   0.000   0.000
  803   P   0.000   0.000   0.000   0.000   0.000
  804   I   0.000   0.000   0.000   0.000   0.000
  805   V   0.000   0.000   0.000   0.000   0.000
  806   D   0.000   0.000   0.000   0.000   0.000
  807   P   0.000   0.000   0.000   0.000   0.000
  808   I   0.000   0.000   0.000   0.000   0.000
  809   W   0.000   0.000   0.000   0.000   0.000
  810   G   0.000   0.000   0.000   0.000   0.000
  811   H   0.000   0.000   0.000   0.000   0.000
  812   T   0.000   0.000   0.000   0.000   0.000
  813   I   0.000   0.000   0.000   0.000   0.000
  814   D   0.000   0.000   0.000   0.000   0.000
  815   R   0.000   0.000   0.000   0.000   0.000
  816   T   0.000   0.000   0.000   0.000   0.000
  817   T   0.000   0.000   0.000   0.000   0.000
  818   I   0.000   0.000   0.000   0.000   0.000
  819   Q   0.000   0.000   0.000   0.000   0.000
  820   F   0.000   0.000   0.000   0.000   0.000
  821   Y   0.000   0.000   0.000   0.000   0.000
  822   E   0.000   0.000   0.000   0.000   0.000
  823   T   0.000   0.000   0.000   0.000   0.000
  824   R   0.000   0.000   0.000   0.000   0.000
  825   Y   0.000   0.000   0.000   0.000   0.000
  826   L   0.000   0.000   0.000   0.000   0.000
  827   S   0.000   0.000   0.000   0.000   0.000
  828   S   0.000   0.000   0.000   0.000   0.000
  829   S   0.000   0.000   0.000   0.000   0.000
  830   F   0.000   0.000   0.000   0.000   0.000
  831   S   0.000   0.000   0.000   0.000   0.000
  832   G   0.000   0.000   0.000   0.000   0.000
  833   E   0.000   0.000   0.000   0.000   0.000
  834   E   0.000   0.000   0.000   0.000   0.000
  835   F   0.000   0.000   0.000   0.000   0.000
  836   I   0.000   0.000   0.000   0.000   0.000
  837   S   0.000   0.000   0.000   0.000   0.000
  838   F   0.000   0.000   0.000   0.000   0.000
  839   V   0.000   0.000   0.000   0.000   0.000
  840   G   0.000   0.000   0.000   0.000   0.000
  841   Y   0.000   0.000   0.000   0.000   0.000
  842   H   0.000   0.000   0.000   0.000   0.000
  843   S   0.000   0.000   0.000   0.000   0.000
  844   K   0.000   0.000   0.000   0.000   0.000
  845   M   0.000   0.000   0.000   0.000   0.000
  846   S   0.000   0.000   0.000   0.000   0.000
  847   I   0.000   0.000   0.000   0.000   0.000
  848   A   0.000   0.000   0.000   0.000   0.000
  849   L   0.000   0.000   0.000   0.000   0.000
  850   I   0.000   0.000   0.000   0.000   0.000
  851   V   0.000   0.000   0.000   0.000   0.000
  852   V   0.000   0.000   0.000   0.000   0.000
  853   F   0.000   0.000   0.000   0.000   0.000
  854   W   0.000   0.000   0.000   0.000   0.000
  855   S   0.000   0.000   0.000   0.000   0.000
  856   V   0.000   0.000   0.000   0.000   0.000
  857   A   0.000   0.000   0.000   0.000   0.000
  858   T   0.000   0.000   0.000   0.000   0.000
  859   L   0.000   0.000   0.000   0.000   0.000
  860   I   0.000   0.000   0.000   0.000   0.000
  861   L   0.000   0.000   0.000   0.000   0.000
  862   L   0.000   0.000   0.000   0.000   0.000
  863   L   0.000   0.000   0.000   0.000   0.000
  864   F   0.000   0.000   0.000   0.000   0.000
  865   I   0.000   0.000   0.000   0.000   0.000
  866   T   0.000   0.000   0.000   0.000   0.000
  867   V   0.000   0.000   0.000   0.000   0.000
  868   L   0.000   0.000   0.000   0.000   0.000
  869   S   0.000   0.000   0.000   0.000   0.000
  870   L   0.000   0.000   0.000   0.000   0.000
  871   F   0.000   0.000   0.000   0.000   0.000
  872   L   0.000   0.000   0.000   0.000   0.000
  873   K   0.000   0.000   0.000   0.000   0.000
  874   Y   0.000   0.000   0.000   0.000   0.000
  875   R   0.000   0.000   0.000   0.000   0.000
  876   Y   0.000   0.000   0.000   0.000   0.000
  877   K   0.000   0.000   0.000   0.000   0.000
  878   Y   0.000   0.000   0.000   0.000   0.000
  879   T   0.000   0.000   0.000   0.000   0.000
  880   L   0.000   0.000   0.000   0.000   0.000
  881   A   0.000   0.000   0.000   0.000   0.000
  882   S   0.000   0.000   0.000   0.000   0.000
  883   K   0.000   0.000   0.000   0.000   0.000
  884   R   0.000   0.000   0.000   0.000   0.000
  885   A   0.000   0.000   0.000   0.000   0.000
  886   K   0.000   0.000   0.000   0.000   0.000
  887   A   0.000   0.000   0.000   0.000   0.000
  888   V   0.000   0.000   0.000   0.000   0.000
  889   Q   0.000   0.000   0.000   0.000   0.000
  890   L   0.000   0.000   0.000   0.000   0.000
  891   V   0.000   0.000   0.000   0.000   0.000
  892   N   0.000   0.000   0.000   0.000   0.000
  893   R   0.000   0.000   0.000   0.000   0.000
  894   E   0.000   0.000   0.000   0.000   0.000
  895   L   0.000   0.000   0.000   0.000   0.000
  896   S   0.000   0.000   0.000   0.000   0.000
  897   I   0.000   0.000   0.000   0.000   0.000
  898   E   0.000   0.000   0.000   0.000   0.000
  899   Y   0.000   0.000   0.000   0.000   0.000
  900   G   0.000   0.000   0.000   0.000   0.000
  901   P   0.000   0.000   0.000   0.000   0.000
  902   S   0.000   0.000   0.000   0.000   0.000
  903   R   0.000   0.000   0.000   0.000   0.000
  904   L   0.000   0.000   0.000   0.000   0.000
  905   G   0.000   0.000   0.000   0.000   0.000
  906   S   0.000   0.000   0.000   0.000   0.000
  907   S   0.000   0.000   0.000   0.000   0.000
  908   D   0.000   0.000   0.000   0.000   0.000
  909   L   0.000   0.000   0.000   0.000   0.000
  910   K   0.000   0.000   0.000   0.000   0.000
  911   Q   0.000   0.000   0.000   0.000   0.000
  912   K   0.000   0.000   0.000   0.000   0.000
  913   T   0.000   0.000   0.000   0.000   0.000
  914   R   0.000   0.000   0.000   0.000   0.000
  915   R   0.000   0.000   0.000   0.000   0.000
  916   G   0.000   0.000   0.000   0.000   0.000
  917   Q   0.000   0.000   0.000   0.000   0.000
  918   A   0.000   0.000   0.000   0.000   0.000
  919   G   0.000   0.000   0.000   0.000   0.000
  920   N   0.000   0.000   0.000   0.000   0.000
  921   G   0.000   0.000   0.000   0.000   0.000
  922   Q   0.000   0.000   0.000   0.000   0.000
  923   I   0.000   0.000   0.000   0.000   0.000
  924   D   0.000   0.000   0.000   0.000   0.000
  925   Q   0.000   0.000   0.000   0.000   0.000
  926   A   0.000   0.000   0.000   0.000   0.000
  927   Y   0.000   0.000   0.000   0.000   0.000
  928   S   0.000   0.000   0.000   0.000   0.000
  929   S   0.000   0.000   0.000   0.000   0.000
  930   M   0.000   0.000   0.000   0.000   0.000
  931   D   0.000   0.000   0.000   0.000   0.000
  932   N   0.000   0.000   0.000   0.000   0.000
  933   M   0.000   0.000   0.000   0.000   0.000
  934   S   0.000   0.000   0.000   0.000   0.000
  935   S   0.000   0.000   0.000   0.000   0.000
  936   H   0.000   0.000   0.000   0.000   0.000
  937   S   0.000   0.000   0.000   0.000   0.000
  938   L   0.000   0.000   0.000   0.000   0.000
  939   P   0.000   0.000   0.000   0.000   0.000
  940   L   0.000   0.000   0.000   0.000   0.000
  941   L   0.000   0.000   0.000   0.000   0.000
  942   Q   0.000   0.000   0.000   0.000   0.000
  943   S   0.000   0.000   0.000   0.000   0.000
  944   Y   0.000   0.000   0.000   0.000   0.000
  945   S   0.000   0.000   0.000   0.000   0.000
  946   P   0.000   0.000   0.000   0.000   0.000
  947   S   0.000   0.000   0.000   0.000   0.000
  948   Q   0.000   0.000   0.000   0.000   0.000
  949   S   0.000   0.000   0.000   0.000   0.000
  950   G   0.000   0.000   0.000   0.000   0.000
  951   G   0.000   0.000   0.000   0.000   0.000
  952   R   0.000   0.000   0.000   0.000   0.000
  953   H   0.000   0.000   0.000   0.000   0.000
  954   V   0.000   0.000   0.000   0.000   0.000
  955   A   0.000   0.000   0.000   0.000   0.000
  956   I   0.000   0.000   0.000   0.000   0.000
  957   P   0.000   0.000   0.000   0.000   0.000
  958   D   0.000   0.000   0.000   0.000   0.000
  959   F   0.000   0.000   0.000   0.000   0.000
  960   S   0.000   0.000   0.000   0.000   0.000
  961   H   0.000   0.000   0.000   0.000   0.000
  962   P   0.000   0.000   0.000   0.000   0.000
  963   F   0.000   0.000   0.000   0.000   0.000
  964   S   0.000   0.000   0.000   0.000   0.000
  965   K   0.000   0.000   0.000   0.000   0.000
  966   D   0.000   0.000   0.000   0.000   0.000
  967   L   0.000   0.000   0.000   0.000   0.000
  968   S   0.000   0.000   0.000   0.000   0.000
  969   S   0.000   0.000   0.000   0.000   0.000
  970   Q   0.000   0.000   0.000   0.000   0.000
  971   D   0.000   0.000   0.000   0.000   0.000
  972   S   0.000   0.000   0.000   0.000   0.000
  973   I   0.000   0.000   0.000   0.000   0.000
  974   L   0.000   0.000   0.000   0.000   0.000
  975   D   0.000   0.000   0.000   0.000   0.000
  976   R   0.000   0.000   0.000   0.000   0.000
  977   Q   0.000   0.000   0.000   0.000   0.000
  978   D   0.000   0.000   0.000   0.000   0.000
  979   R   0.000   0.000   0.000   0.000   0.000
  980   A   0.000   0.000   0.000   0.000   0.000
  981   K   0.000   0.000   0.000   0.000   0.000
  982   R   0.000   0.000   0.000   0.000   0.000
  983   N   0.000   0.000   0.000   0.000   0.000
  984   R   0.000   0.000   0.000   0.000   0.000
  985   R   0.000   0.000   0.000   0.000   0.000
  986   Q   0.000   0.000   0.000   0.000   0.000
>137755
Prediction: Non-secretory protein
Signal peptide probability: 0.050
Signal anchor probability: 0.000
Max cleavage site probability: 0.029 between pos. 22 and 23

